146 - Winsize
2154 - 0
2155 - 2
2156 - 3
2156 - 2
2156 - 2
2157 - 2
2157 - 4
2157 - 5
2158 - 5
2158 - 5
2159 - 6
2159 - 6
2159 - 9
2159 - 10
2160 - 11
2160 - 11
2160 - 11
2161 - 13
2163 - 11
2163 - 11
2164 - 10
2164 - 13
2164 - 13
2165 - 15
2165 - 17
2166 - 18
2166 - 19
2166 - 20
2166 - 21
2167 - 21
2167 - 21
2167 - 23
2168 - 24
2168 - 25
2168 - 26
2169 - 25
2169 - 25
2170 - 23
2170 - 23
2171 - 24
2171 - 24
2171 - 24
2171 - 25
2172 - 25
2172 - 25
2172 - 25
2172 - 25
2172 - 25
2173 - 25
2173 - 26
2173 - 26
2173 - 27
2174 - 27
2174 - 28
2175 - 31
2175 - 32
2176 - 35
2176 - 35
2177 - 36
2177 - 36
2177 - 39
2178 - 38
2178 - 37
2178 - 38
2179 - 38
2179 - 38
2179 - 39
2179 - 39
2179 - 39
2180 - 38
2180 - 38
2180 - 37
2180 - 37
2181 - 37
2181 - 36
2181 - 34
2182 - 33
2183 - 31
2184 - 29
2184 - 29
2184 - Packet Dropped!
2184 - 28
2185 - 28
2185 - 28
2185 - 27
2186 - 26
2186 - 25
2186 - 24
2186 - 23
2187 - 22
2187 - 21
2187 - 21
2187 - 20
2188 - 19
2188 - 18
2188 - 18
2189 - 17
2189 - 0
2190 - 0
2190 - 0
2191 - 0
2191 - 0
2191 - 0
2191 - 0
2192 - 0
2192 - 0
2192 - 0
2192 - 0
2192 - 0
2193 - 0
2193 - 0
2194 - 0
2194 - 0
2194 - 0
2195 - 0
2195 - 0
2195 - 0
2196 - 0
2196 - 0
2196 - 0
2196 - 0
2197 - 0
2197 - 0
2197 - 0
2198 - 0
2198 - 0
2198 - 0
2199 - 0
2199 - 0
2199 - 0
2199 - 0
2200 - 0
2200 - 0
2200 - 0
2201 - 0
2201 - 0
2201 - 0
2201 - 0
2201 - 0
2202 - 0
2202 - 0
2202 - 0
2203 - 0
2206 - 1
2207 - 15
2208 - 17
2208 - 20
2209 - 23
2209 - 26
2210 - 28
2210 - 25
2211 - 24
2211 - 21
2212 - 19
2212 - 15
2212 - 14
2213 - 13
2213 - 13
2213 - 13
2213 - 13
2214 - 13
2214 - 13
2214 - 12
2214 - 12
2215 - 13
2215 - 18
2215 - 19
2216 - 20
2216 - 20
2217 - 20
2217 - 20
2217 - 20
2217 - 21
2218 - 22
2218 - 22
2219 - 21
2219 - 21
2219 - 21
2219 - 21
2220 - 19
2220 - 17
2220 - 16
2221 - 15
2221 - 15
2221 - 15
2222 - 14
2222 - 13
2222 - 14
2222 - 14
2222 - 14
2223 - 14
2223 - 15
2223 - 15
2224 - 15
2224 - 15
2225 - 14
2225 - 14
2225 - 14
2226 - 14
2226 - 15
2227 - 14
2227 - 14
2227 - 14
2228 - 15
2228 - 15
2228 - 15
2228 - 15
2229 - 15
2229 - 15
2229 - 15
2230 - 15
2230 - 15
2230 - 15
2231 - 15
2231 - 15
2231 - 15
2232 - 15
2232 - 15
2232 - 15
2233 - 15
2233 - 15
2233 - 15
2233 - 15
2234 - 15
2234 - 15
2234 - 15
2234 - 14
2234 - 14
2235 - 15
2235 - 15
2235 - 15
2235 - 15
2235 - 15
2236 - 15
2236 - 15
2236 - 16
2237 - 19
2237 - 19
2237 - 19
2238 - 22
2238 - 23
2238 - 23
2239 - 23
2239 - 23
2239 - 23
2239 - 23
2240 - 22
2240 - 22
2240 - 22
2241 - 21
2241 - 20
2241 - 19
2241 - 18
2242 - 16
2242 - 16
2242 - 16
2243 - 16
2243 - 15
2243 - 15
2244 - 15
2244 - 15
2245 - 16
2245 - 15
2245 - 16
2246 - 18
2247 - 20
2247 - 20
2247 - 20
2248 - 21
2248 - 21
2248 - 21
2248 - 21
2249 - 21
2249 - 21
2249 - 21
2250 - 21
2250 - 21
2250 - 21
2251 - 21
2251 - 22
2251 - 21
2252 - 19
2253 - 18
2253 - 18
2254 - 18
2254 - 18
2254 - 18
2254 - 18
2255 - 18
2255 - 18
2255 - 19
2256 - 19
2256 - 19
2256 - 20
2256 - 20
2257 - 20
2257 - 20
2257 - 20
2258 - 20
2258 - 20
2258 - 20
2259 - 20
2259 - 21
2260 - 21
2260 - 21
2260 - 21
2260 - 21
2261 - 22
2261 - 22
2261 - 22
2262 - 22
2262 - 22
2263 - 22
2263 - 21
2263 - 21
2263 - 21
2264 - 21
2264 - 21
2264 - 21
2264 - 19
2265 - 19
2265 - 18
2266 - 18
2266 - 18
2266 - 17
2267 - 17
2267 - 17
2268 - 17
2268 - 18
2268 - 19
2269 - 20
2269 - 20
2269 - 20
2269 - 21
2270 - 21
2270 - 21
2270 - 22
2270 - 22
2271 - 22
2271 - 23
2272 - 23
2272 - 23
2272 - 23
2273 - 24
2273 - 23
2274 - 23
2274 - 23
2274 - 24
2275 - 24
2275 - 24
2276 - 24
2276 - 25
2276 - 25
2276 - 25
2277 - 26
2277 - 26
2277 - 28
2278 - 28
2278 - 28
2278 - 29
2278 - 29
2279 - 30
2279 - 30
